<?xml version="1.0" encoding="UTF-8"?>
<!-- Generated by org.testng.reporters.JUnitXMLReporter -->
<testsuite ignored="1" hostname="LENOVO-B40" failures="0" tests="2" name="Verify links First Time execution" time="61.744" errors="0" timestamp="2020-10-02T12:30:13 IST">
  <testcase classname="Academytoolsqa.HomePage2" name="clickingLinksFirstrun" time="32.42"/>
  <testcase classname="Academytoolsqa.ScreenshotCompare" name="imageCompare" time="0.381"/>
  <testcase classname="Academytoolsqa.HomePage2" name="clickingLinksSecondrun" time="0.0">
    <ignored/>
  </testcase> <!-- clickingLinksSecondrun -->
</testsuite> <!-- Verify links First Time execution -->
