<?xml version="1.0" encoding="UTF-8"?>
<!-- Generated by org.testng.reporters.JUnitXMLReporter -->
<testsuite ignored="1" hostname="LENOVO-B40" failures="0" tests="1" name="Verify links Second Time execution" time="59.265" errors="0" timestamp="2020-10-02T12:31:13 IST">
  <testcase classname="Academytoolsqa.HomePage2" name="clickingLinksSecondrun" time="31.661"/>
  <testcase classname="Academytoolsqa.HomePage2" name="clickingLinksFirstrun" time="0.0">
    <ignored/>
  </testcase> <!-- clickingLinksFirstrun -->
</testsuite> <!-- Verify links Second Time execution -->
